#format:
#日期 - logname - loglevel - message(文件名路径 + err_msg)
#2015-07-02 11:10:25,071(日期) - mymain(logname) - ERROR(loglevel) - (message)/search/zyp/subtopic_platform/test/md5_hashlib.py -- my_log error....
2015-07-02 11:41:12,420 - logfile - ERROR - /search/zyp/subtopic_platform/test/md5_hashlib.py -- my_log error....
2015-07-02 12:17:42,073 - myfile - ERROR - /search/zyp/subtopic_platform/test/md5_hashlib.py -- my_log error....
2015-07-02 12:22:18,077 - myfile - ERROR - /search/zyp/subtopic_platform/test/md5_hashlib.py -- my_log error....
2015-07-02 12:22:54,466 - myfile - ERROR - /search/zyp/subtopic_platform/test/md5_hashlib.py -- my_log error....
2015-07-02 14:15:49,469 - [Path]:md5_hashlib_log.py - [Func]:log_conf - [Line]:104 - [ThreadId]:140619775649536 - myfile - WARNING - /search/zyp/subtopic_platform/test/md5_hashlib_log.py -- my_log warn...
2015-07-02 14:15:49,469 - [Path]:md5_hashlib_log.py - [Func]:log_conf - [Line]:105 - [ThreadId]:140619775649536 - myfile - ERROR - /search/zyp/subtopic_platform/test/md5_hashlib_log.py -- my_log error....
2015-07-02 14:17:34,378 - [Path]:md5_hashlib_log.py - [Func]:log_conf - [Line]:104 - [ThreadId]:140170076141312 - myfile - WARNING - /search/zyp/subtopic_platform/test/md5_hashlib_log.py -- my_log warn...
2015-07-02 14:17:34,379 - [Path]:md5_hashlib_log.py - [Func]:log_conf - [Line]:105 - [ThreadId]:140170076141312 - myfile - ERROR - /search/zyp/subtopic_platform/test/md5_hashlib_log.py -- my_log error....
2015-07-02 14:18:02,876 - [Path]:md5_hashlib_log.py - [Func]:log_conf - [Line]:104 - [ThreadId]:140187214661376 - myfile - WARNING - /search/zyp/subtopic_platform/test/md5_hashlib_log.py -- my_log warn...
2015-07-02 14:18:02,877 - [Path]:md5_hashlib_log.py - [Func]:log_conf - [Line]:105 - [ThreadId]:140187214661376 - myfile - ERROR - /search/zyp/subtopic_platform/test/md5_hashlib_log.py -- my_log error....
2015-07-02 14:18:36,371 - [Path]:md5_hashlib_log.py - [Func]:log_conf - [Line]:104 - [ThreadId]:140216938600192 - myfile - WARNING - /search/zyp/subtopic_platform/test/md5_hashlib_log.py -- my_log warn...
2015-07-02 14:18:36,371 - [Path]:md5_hashlib_log.py - [Func]:log_conf - [Line]:105 - [ThreadId]:140216938600192 - myfile - ERROR - /search/zyp/subtopic_platform/test/md5_hashlib_log.py -- my_log error....
2015-07-02 14:18:36,371 - [Path]:md5_hashlib_log.py - [Func]:mytest_base64 - [Line]:77 - [ThreadId]:140216938600192 - myfile - WARNING - ****warning***
2015-07-02 14:18:36,372 - [Path]:md5_hashlib_log.py - [Func]:log_conf - [Line]:104 - [ThreadId]:140216938600192 - myfile - WARNING - /search/zyp/subtopic_platform/test/md5_hashlib_log.py -- my_log warn...
2015-07-02 14:18:36,372 - [Path]:md5_hashlib_log.py - [Func]:log_conf - [Line]:105 - [ThreadId]:140216938600192 - myfile - ERROR - /search/zyp/subtopic_platform/test/md5_hashlib_log.py -- my_log error....
2015-07-02 14:19:58,255 - [Path]:md5_hashlib_log.py - [Func]:log_conf - [Line]:104 - [ThreadId]:139731574929152 - myfile - WARNING - /search/zyp/subtopic_platform/test/md5_hashlib_log.py -- my_log warn...
2015-07-02 14:19:58,255 - [Path]:md5_hashlib_log.py - [Func]:log_conf - [Line]:105 - [ThreadId]:139731574929152 - myfile - ERROR - /search/zyp/subtopic_platform/test/md5_hashlib_log.py -- my_log error....
2015-07-02 14:19:58,255 - [Path]:md5_hashlib_log.py - [Func]:mytest_base64 - [Line]:77 - [ThreadId]:139731574929152 - myfile - WARNING - ****warning***
2015-07-02 14:19:58,256 - [Path]:md5_hashlib_log.py - [Func]:log_conf - [Line]:104 - [ThreadId]:139731574929152 - myfile - WARNING - /search/zyp/subtopic_platform/test/md5_hashlib_log.py -- my_log warn...
2015-07-02 14:19:58,256 - [Path]:md5_hashlib_log.py - [Func]:log_conf - [Line]:105 - [ThreadId]:139731574929152 - myfile - ERROR - /search/zyp/subtopic_platform/test/md5_hashlib_log.py -- my_log error....
2015-07-02 14:21:54,299 - [Path]:md5_hashlib_log.py - [Func]:log_conf - [Line]:104 - [ThreadId]:140437511128832 - myfile - WARNING - /search/zyp/subtopic_platform/test/md5_hashlib_log.py -- my_log warn...
2015-07-02 14:21:54,299 - [Path]:md5_hashlib_log.py - [Func]:log_conf - [Line]:105 - [ThreadId]:140437511128832 - myfile - ERROR - /search/zyp/subtopic_platform/test/md5_hashlib_log.py -- my_log error....
2015-07-02 14:21:54,300 - [Path]:md5_hashlib_log.py - [Func]:mytest_base64 - [Line]:76 - [ThreadId]:140437511128832 - myfile - ERROR - ***TEST IN log_file***
2015-07-02 14:21:54,300 - [Path]:md5_hashlib_log.py - [Func]:mytest_base64 - [Line]:77 - [ThreadId]:140437511128832 - myfile - WARNING - ****warning***
2015-07-02 14:21:54,301 - [Path]:md5_hashlib_log.py - [Func]:log_conf - [Line]:104 - [ThreadId]:140437511128832 - myfile - WARNING - /search/zyp/subtopic_platform/test/md5_hashlib_log.py -- my_log warn...
2015-07-02 14:21:54,301 - [Path]:md5_hashlib_log.py - [Func]:log_conf - [Line]:105 - [ThreadId]:140437511128832 - myfile - ERROR - /search/zyp/subtopic_platform/test/md5_hashlib_log.py -- my_log error....
